Using pre-set license
Built from '2020.3/release' branch; Version is '2020.3.12f1 (b3b2c6512326) revision 11776710'; Using compiler version '192528614'; Build Type 'Release'
OS: 'Windows 10 Home; OS build 19041.1083; Version 2004; 64bit' Language: 'ru' Physical Memory: 8103 MB
BatchMode: 1, IsHumanControllingUs: 0, StartBugReporterOnCrash: 0, Is64bit: 1, IsPro: 0

 COMMAND LINE ARGUMENTS:
C:\Program Files\Unity\Hub\Editor\2020.3.12f1\Editor\Unity.exe
-adb2
-batchMode
-noUpm
-name
AssetImportWorker0
-projectPath
C:/Users/limsh/Desktop/KefirTest/UnityProject
-logFile
Logs/AssetImportWorker0.log
-srvPort
53404
Successfully changed project path to: C:/Users/limsh/Desktop/KefirTest/UnityProject
C:/Users/limsh/Desktop/KefirTest/UnityProject
Using Asset Import Pipeline V2.
Refreshing native plugins compatible for Editor in 57.37 ms, found 2 plugins.
Preloading 0 native plugins for Editor in 0.00 ms.
Initialize engine version: 2020.3.12f1 (b3b2c6512326)
[Subsystems] Discovering subsystems at path C:/Program Files/Unity/Hub/Editor/2020.3.12f1/Editor/Data/Resources/UnitySubsystems
[Subsystems] Discovering subsystems at path C:/Users/limsh/Desktop/KefirTest/UnityProject/Assets
GfxDevice: creating device client; threaded=0
Direct3D:
    Version:  Direct3D 11.0 [level 11.1]
    Renderer: NVIDIA GeForce GT 1030 (ID=0x1d01)
    Vendor:   
    VRAM:     1982 MB
    Driver:   30.0.14.7111
Initialize mono
Mono path[0] = 'C:/Program Files/Unity/Hub/Editor/2020.3.12f1/Editor/Data/Managed'
Mono path[1] = 'C:/Program Files/Unity/Hub/Editor/2020.3.12f1/Editor/Data/MonoBleedingEdge/lib/mono/unityjit'
Mono config path = 'C:/Program Files/Unity/Hub/Editor/2020.3.12f1/Editor/Data/MonoBleedingEdge/etc'
Using monoOptions --debugger-agent=transport=dt_socket,embedding=1,server=y,suspend=n,address=127.0.0.1:56068
Begin MonoManager ReloadAssembly
Registering precompiled unity dll's ...
Register platform support module: C:/Program Files/Unity/Hub/Editor/2020.3.12f1/Editor/Data/PlaybackEngines/WindowsStandaloneSupport/UnityEditor.WindowsStandalone.Extensions.dll
Registered in 0.002374 seconds.
Native extension for WindowsStandalone target not found
Refreshing native plugins compatible for Editor in 49.25 ms, found 2 plugins.
Preloading 0 native plugins for Editor in 0.00 ms.
Mono: successfully reloaded assembly
- Completed reload, in  5.892 seconds
Platform modules already initialized, skipping
Registering precompiled user dll's ...
Registered in 0.014028 seconds.
Begin MonoManager ReloadAssembly
Native extension for WindowsStandalone target not found
Refreshing native plugins compatible for Editor in 0.55 ms, found 2 plugins.
Preloading 0 native plugins for Editor in 0.00 ms.
Mono: successfully reloaded assembly
- Completed reload, in  1.507 seconds
Platform modules already initialized, skipping
========================================================================
Worker process is ready to serve import requests
Launched and connected shader compiler UnityShaderCompiler.exe after 0.08 seconds
Refreshing native plugins compatible for Editor in 0.54 ms, found 2 plugins.
Preloading 0 native plugins for Editor in 0.00 ms.
Unloading 1867 Unused Serialized files (Serialized files now loaded: 0)
System memory in use before: 82.0 MB.
System memory in use after: 82.1 MB.

Unloading 25 unused Assets to reduce memory usage. Loaded Objects now: 2299.
Total: 2.496200 ms (FindLiveObjects: 0.179900 ms CreateObjectMapping: 0.070300 ms MarkObjects: 2.150400 ms  DeleteObjects: 0.094000 ms)

AssetImportParameters requested are different than current active one (requested -> active):
  custom:framework-win-MediaFoundation: 216162199b28c13a410421893ffa2e32 -> 
  custom:video-decoder-ogg-theora: a1e56fd34408186e4bbccfd4996cb3dc -> 
  custom:container-muxer-webm: aa71ff27fc2769a1b78a27578f13a17b -> 
  custom:container-demuxer-webm: 4f35f7cbe854078d1ac9338744f61a02 -> 
  custom:container-demuxer-ogg: 62fdf1f143b41e24485cea50d1cbac27 -> 
  custom:video-encoder-webm-vp8: eb34c28f22e8b96e1ab97ce403110664 -> 
  custom:video-decoder-webm-vp8: 9c59270c3fd7afecdb556c50c9e8de78 -> 
  custom:audio-decoder-ogg-vorbis: bf7c407c2cedff20999df2af8eb42d56 -> 
  custom:audio-encoder-webm-vorbis: bf7c407c2cedff20999df2af8eb42d56 -> 
========================================================================
Received Import Request.
  path: Assets/AddressableAssetsData/AssetGroups/Default Local Group.asset
  artifactKey: Guid(fbb10ca23ba0c5f43a0f3b6737124e81) Importer(815301076,1909f56bfc062723c751e8b465ee728b)
Start importing Assets/AddressableAssetsData/AssetGroups/Default Local Group.asset using Guid(fbb10ca23ba0c5f43a0f3b6737124e81) Importer(815301076,1909f56bfc062723c751e8b465ee728b)  -> (artifact id: 'f77d8b256fe1668f14638b4ee76d12ba') in 0.047234 seconds 
  Import took 0.050698 seconds .

========================================================================
Received Import Request.
  Time since last request: 0.000598 seconds.
  path: Assets/AddressableAssetsData/AssetGroups/Built In Data.asset
  artifactKey: Guid(0aa49763488020945aad0e84d1e73e76) Importer(815301076,1909f56bfc062723c751e8b465ee728b)
Start importing Assets/AddressableAssetsData/AssetGroups/Built In Data.asset using Guid(0aa49763488020945aad0e84d1e73e76) Importer(815301076,1909f56bfc062723c751e8b465ee728b)  -> (artifact id: '4e492226b96c3eaf00a4bed3c98897d2') in 0.012854 seconds 
  Import took 0.017130 seconds .

========================================================================
Received Import Request.
  Time since last request: 241.314847 seconds.
  path: Assets/AddressableAssetsData
  artifactKey: Guid(720fde6a175a0384298bdd10bf7efb4f) Importer(815301076,1909f56bfc062723c751e8b465ee728b)
Start importing Assets/AddressableAssetsData using Guid(720fde6a175a0384298bdd10bf7efb4f) Importer(815301076,1909f56bfc062723c751e8b465ee728b)  -> (artifact id: '4e724e34cb73b356346c6d32aa192f8a') in 0.008535 seconds 
  Import took 0.012394 seconds .

========================================================================
Received Import Request.
  Time since last request: 831.890751 seconds.
  path: Assets/Content/PolyShipSprite.png
  artifactKey: Guid(6b085090134b32b41bb2b893a39237a0) Importer(815301076,1909f56bfc062723c751e8b465ee728b)
Start importing Assets/Content/PolyShipSprite.png using Guid(6b085090134b32b41bb2b893a39237a0) Importer(815301076,1909f56bfc062723c751e8b465ee728b)  -> (artifact id: 'a8249de2a62abfb24bc271ec3d79ce58') in 0.082177 seconds 
  Import took 0.088308 seconds .

========================================================================
Received Import Request.
  Time since last request: 21.251543 seconds.
  path: Assets/Content/PolyShipSprite.png
  artifactKey: Guid(6b085090134b32b41bb2b893a39237a0) Importer(815301076,1909f56bfc062723c751e8b465ee728b)
Start importing Assets/Content/PolyShipSprite.png using Guid(6b085090134b32b41bb2b893a39237a0) Importer(815301076,1909f56bfc062723c751e8b465ee728b)  -> (artifact id: '0f75966f29735a1f66772296d91f18a9') in 0.059840 seconds 
  Import took 0.063698 seconds .

========================================================================
Received Prepare
Registering precompiled user dll's ...
Registered in 0.032326 seconds.
Begin MonoManager ReloadAssembly
Native extension for WindowsStandalone target not found
Refreshing native plugins compatible for Editor in 0.93 ms, found 2 plugins.
Preloading 0 native plugins for Editor in 0.00 ms.
Mono: successfully reloaded assembly
- Completed reload, in  1.952 seconds
Platform modules already initialized, skipping
Refreshing native plugins compatible for Editor in 0.76 ms, found 2 plugins.
Preloading 0 native plugins for Editor in 0.00 ms.
Unloading 1836 Unused Serialized files (Serialized files now loaded: 0)
System memory in use before: 83.4 MB.
System memory in use after: 83.5 MB.

Unloading 20 unused Assets to reduce memory usage. Loaded Objects now: 2308.
Total: 5.804300 ms (FindLiveObjects: 0.436500 ms CreateObjectMapping: 0.102900 ms MarkObjects: 5.224800 ms  DeleteObjects: 0.037400 ms)

AssetImportParameters requested are different than current active one (requested -> active):
  custom:framework-win-MediaFoundation: 216162199b28c13a410421893ffa2e32 -> 
  custom:video-decoder-ogg-theora: a1e56fd34408186e4bbccfd4996cb3dc -> 
  custom:container-muxer-webm: aa71ff27fc2769a1b78a27578f13a17b -> 
  custom:container-demuxer-webm: 4f35f7cbe854078d1ac9338744f61a02 -> 
  custom:container-demuxer-ogg: 62fdf1f143b41e24485cea50d1cbac27 -> 
  custom:video-encoder-webm-vp8: eb34c28f22e8b96e1ab97ce403110664 -> 
  custom:video-decoder-webm-vp8: 9c59270c3fd7afecdb556c50c9e8de78 -> 
  custom:audio-decoder-ogg-vorbis: bf7c407c2cedff20999df2af8eb42d56 -> 
  custom:audio-encoder-webm-vorbis: bf7c407c2cedff20999df2af8eb42d56 -> 
========================================================================
Received Import Request.
  Time since last request: 4319.724227 seconds.
  path: Assets/Content/ShipSprite.pdn
  artifactKey: Guid(210188bef3b98a648a7281e606e5c20a) Importer(815301076,1909f56bfc062723c751e8b465ee728b)
Start importing Assets/Content/ShipSprite.pdn using Guid(210188bef3b98a648a7281e606e5c20a) Importer(815301076,1909f56bfc062723c751e8b465ee728b)  -> (artifact id: '2d34d2bd9f54f558511f04f77b85380c') in 0.052371 seconds 
  Import took 0.057571 seconds .

========================================================================
Received Import Request.
  Time since last request: 0.016823 seconds.
  path: Assets/Content/ShipSprite.pdn
  artifactKey: Guid(210188bef3b98a648a7281e606e5c20a) Importer(815301076,1909f56bfc062723c751e8b465ee728b)
Start importing Assets/Content/ShipSprite.pdn using Guid(210188bef3b98a648a7281e606e5c20a) Importer(815301076,1909f56bfc062723c751e8b465ee728b)  -> (artifact id: '2d34d2bd9f54f558511f04f77b85380c') in 0.005819 seconds 
  Import took 0.011438 seconds .

========================================================================
Received Import Request.
  Time since last request: 17.905798 seconds.
  path: Assets/Content/471.11-desktop-win10-64bit-international-whql.exe
  artifactKey: Guid(f01891d728046b24591b06296c5a6c42) Importer(815301076,1909f56bfc062723c751e8b465ee728b)
Start importing Assets/Content/471.11-desktop-win10-64bit-international-whql.exe using Guid(f01891d728046b24591b06296c5a6c42) Importer(815301076,1909f56bfc062723c751e8b465ee728b)  -> (artifact id: '1afd0c8b53116f69f896076d9067c499') in 0.014805 seconds 
  Import took 0.018566 seconds .

========================================================================
Received Import Request.
  Time since last request: 440.925649 seconds.
  path: Assets/Content/svg-editor-image (3).svg
  artifactKey: Guid(41c4d6c1a41bdf4409282684e94f2358) Importer(815301076,1909f56bfc062723c751e8b465ee728b)
Start importing Assets/Content/svg-editor-image (3).svg using Guid(41c4d6c1a41bdf4409282684e94f2358) Importer(815301076,1909f56bfc062723c751e8b465ee728b)  -> (artifact id: '48d4215eed065a4555229e65aa0b82f2') in 0.016649 seconds 
  Import took 0.022135 seconds .

========================================================================
Received Import Request.
  Time since last request: 516.127895 seconds.
  path: Assets/Content/PolyShipSprite.png
  artifactKey: Guid(6b085090134b32b41bb2b893a39237a0) Importer(815301076,1909f56bfc062723c751e8b465ee728b)
Start importing Assets/Content/PolyShipSprite.png using Guid(6b085090134b32b41bb2b893a39237a0) Importer(815301076,1909f56bfc062723c751e8b465ee728b)  -> (artifact id: '84d4c7628f9462c867c5a3aa89657f48') in 0.172342 seconds 
  Import took 0.181148 seconds .

========================================================================
Received Prepare
Registering precompiled user dll's ...
Registered in 0.023757 seconds.
Begin MonoManager ReloadAssembly
Native extension for WindowsStandalone target not found
Refreshing native plugins compatible for Editor in 0.95 ms, found 2 plugins.
Preloading 0 native plugins for Editor in 0.00 ms.
Mono: successfully reloaded assembly
- Completed reload, in  1.436 seconds
Platform modules already initialized, skipping
Refreshing native plugins compatible for Editor in 0.58 ms, found 2 plugins.
Preloading 0 native plugins for Editor in 0.00 ms.
Unloading 1836 Unused Serialized files (Serialized files now loaded: 0)
System memory in use before: 83.5 MB.
System memory in use after: 83.6 MB.

Unloading 20 unused Assets to reduce memory usage. Loaded Objects now: 2312.
Total: 3.600600 ms (FindLiveObjects: 0.314200 ms CreateObjectMapping: 0.087100 ms MarkObjects: 3.157600 ms  DeleteObjects: 0.039500 ms)

AssetImportParameters requested are different than current active one (requested -> active):
  custom:framework-win-MediaFoundation: 216162199b28c13a410421893ffa2e32 -> 
  custom:video-decoder-ogg-theora: a1e56fd34408186e4bbccfd4996cb3dc -> 
  custom:container-muxer-webm: aa71ff27fc2769a1b78a27578f13a17b -> 
  custom:container-demuxer-webm: 4f35f7cbe854078d1ac9338744f61a02 -> 
  custom:container-demuxer-ogg: 62fdf1f143b41e24485cea50d1cbac27 -> 
  custom:video-encoder-webm-vp8: eb34c28f22e8b96e1ab97ce403110664 -> 
  custom:video-decoder-webm-vp8: 9c59270c3fd7afecdb556c50c9e8de78 -> 
  custom:audio-decoder-ogg-vorbis: bf7c407c2cedff20999df2af8eb42d56 -> 
  custom:audio-encoder-webm-vorbis: bf7c407c2cedff20999df2af8eb42d56 -> 
========================================================================
Received Import Request.
  Time since last request: 706.567673 seconds.
  path: Assets/Content/asteroidSpriteAtlas.png
  artifactKey: Guid(1aaebaa04f76c554bad5133bea19b3c7) Importer(815301076,1909f56bfc062723c751e8b465ee728b)
Start importing Assets/Content/asteroidSpriteAtlas.png using Guid(1aaebaa04f76c554bad5133bea19b3c7) Importer(815301076,1909f56bfc062723c751e8b465ee728b)  -> (artifact id: '51f1159610f99192975826d0fbab7fb7') in 0.079534 seconds 
  Import took 0.083472 seconds .

========================================================================
Received Import Request.
  Time since last request: 0.000293 seconds.
  path: Assets/Content/PoluAsteroidAtlas.png
  artifactKey: Guid(8d027554608ec0c44996c79de492f219) Importer(815301076,1909f56bfc062723c751e8b465ee728b)
Start importing Assets/Content/PoluAsteroidAtlas.png using Guid(8d027554608ec0c44996c79de492f219) Importer(815301076,1909f56bfc062723c751e8b465ee728b)  -> (artifact id: '6055f6218a382ba3d885a85007704b97') in 0.015156 seconds 
  Import took 0.019679 seconds .

========================================================================
Received Import Request.
  Time since last request: 6.402419 seconds.
  path: Assets/Content/PoluAsteroidAtlas.png
  artifactKey: Guid(8d027554608ec0c44996c79de492f219) Importer(815301076,1909f56bfc062723c751e8b465ee728b)
Start importing Assets/Content/PoluAsteroidAtlas.png using Guid(8d027554608ec0c44996c79de492f219) Importer(815301076,1909f56bfc062723c751e8b465ee728b)  -> (artifact id: '8e0bd7fd61d37b17a3b9363877595866') in 0.021121 seconds 
  Import took 0.026484 seconds .

========================================================================
Received Import Request.
  Time since last request: 412.359129 seconds.
  path: Assets/Content/alienSprite.png
  artifactKey: Guid(4d980fc72d136fb4cacf7b3474a9eff3) Importer(815301076,1909f56bfc062723c751e8b465ee728b)
Start importing Assets/Content/alienSprite.png using Guid(4d980fc72d136fb4cacf7b3474a9eff3) Importer(815301076,1909f56bfc062723c751e8b465ee728b)  -> (artifact id: '8872e99376b00fc6a6288acecf07be97') in 0.032047 seconds 
  Import took 0.038184 seconds .

========================================================================
Received Import Request.
  Time since last request: 0.000264 seconds.
  path: Assets/Content/polyAlien.png
  artifactKey: Guid(95666d596e54e93418e4377778024da0) Importer(815301076,1909f56bfc062723c751e8b465ee728b)
Start importing Assets/Content/polyAlien.png using Guid(95666d596e54e93418e4377778024da0) Importer(815301076,1909f56bfc062723c751e8b465ee728b)  -> (artifact id: '45bc20f5a1a3408e32d4801bf4f30a90') in 0.033060 seconds 
  Import took 0.038558 seconds .

========================================================================
Received Import Request.
  Time since last request: 12.969270 seconds.
  path: Assets/Content/polyAlien.png
  artifactKey: Guid(95666d596e54e93418e4377778024da0) Importer(815301076,1909f56bfc062723c751e8b465ee728b)
Start importing Assets/Content/polyAlien.png using Guid(95666d596e54e93418e4377778024da0) Importer(815301076,1909f56bfc062723c751e8b465ee728b)  -> (artifact id: 'd3269360fb381a2ac47eca2b98be5f36') in 0.024340 seconds 
  Import took 0.029888 seconds .

========================================================================
Received Import Request.
  Time since last request: 5.194255 seconds.
  path: Assets/Content/Alien.prefab
  artifactKey: Guid(03b7121d420270a4586eca2211a57993) Importer(815301076,1909f56bfc062723c751e8b465ee728b)
Start importing Assets/Content/Alien.prefab using Guid(03b7121d420270a4586eca2211a57993) Importer(815301076,1909f56bfc062723c751e8b465ee728b)  -> (artifact id: '1f20136a876b780ad2ad935c17bb7f47') in 0.032968 seconds 
  Import took 0.038707 seconds .

========================================================================
Received Import Request.
  Time since last request: 20.872892 seconds.
  path: Assets/Content/PoluAsteroidAtlas.png
  artifactKey: Guid(8d027554608ec0c44996c79de492f219) Importer(815301076,1909f56bfc062723c751e8b465ee728b)
Start importing Assets/Content/PoluAsteroidAtlas.png using Guid(8d027554608ec0c44996c79de492f219) Importer(815301076,1909f56bfc062723c751e8b465ee728b)  -> (artifact id: '08be2120bdcf83e7f59203e564296350') in 0.011704 seconds 
  Import took 0.015969 seconds .

========================================================================
Received Import Request.
  Time since last request: 28.713266 seconds.
  path: Assets/Content/PoluAsteroidAtlas.png
  artifactKey: Guid(8d027554608ec0c44996c79de492f219) Importer(815301076,1909f56bfc062723c751e8b465ee728b)
Start importing Assets/Content/PoluAsteroidAtlas.png using Guid(8d027554608ec0c44996c79de492f219) Importer(815301076,1909f56bfc062723c751e8b465ee728b)  -> (artifact id: '52240153f4365a9a8215d8513f38302f') in 0.034218 seconds 
  Import took 0.038604 seconds .

========================================================================
Received Import Request.
  Time since last request: 9.146513 seconds.
  path: Assets/Content/AsteroidPiece.prefab
  artifactKey: Guid(3ea948ccb9e69ea4faddb093a2b85a68) Importer(815301076,1909f56bfc062723c751e8b465ee728b)
Start importing Assets/Content/AsteroidPiece.prefab using Guid(3ea948ccb9e69ea4faddb093a2b85a68) Importer(815301076,1909f56bfc062723c751e8b465ee728b)  -> (artifact id: 'd70f756dc3dbb882fc722cbcc415d616') in 0.011057 seconds 
  Import took 0.014883 seconds .

========================================================================
Received Import Request.
  Time since last request: 11.411264 seconds.
  path: Assets/Content/Asteroid.prefab
  artifactKey: Guid(cac64584871e11d4cb9bb55b0009a22c) Importer(815301076,1909f56bfc062723c751e8b465ee728b)
Start importing Assets/Content/Asteroid.prefab using Guid(cac64584871e11d4cb9bb55b0009a22c) Importer(815301076,1909f56bfc062723c751e8b465ee728b)  -> (artifact id: '2dd71c61483c4a5e665bfaa6872bc275') in 0.013609 seconds 
  Import took 0.018614 seconds .

========================================================================
Received Prepare
Registering precompiled user dll's ...
Registered in 0.009227 seconds.
Begin MonoManager ReloadAssembly
Native extension for WindowsStandalone target not found
Refreshing native plugins compatible for Editor in 0.59 ms, found 2 plugins.
Preloading 0 native plugins for Editor in 0.00 ms.
Mono: successfully reloaded assembly
- Completed reload, in  1.310 seconds
Platform modules already initialized, skipping
Refreshing native plugins compatible for Editor in 0.70 ms, found 2 plugins.
Preloading 0 native plugins for Editor in 0.00 ms.
Unloading 1836 Unused Serialized files (Serialized files now loaded: 0)
System memory in use before: 83.5 MB.
System memory in use after: 83.7 MB.

Unloading 20 unused Assets to reduce memory usage. Loaded Objects now: 2333.
Total: 2.551200 ms (FindLiveObjects: 0.180100 ms CreateObjectMapping: 0.071700 ms MarkObjects: 2.259600 ms  DeleteObjects: 0.030200 ms)

AssetImportParameters requested are different than current active one (requested -> active):
  custom:framework-win-MediaFoundation: 216162199b28c13a410421893ffa2e32 -> 
  custom:video-decoder-ogg-theora: a1e56fd34408186e4bbccfd4996cb3dc -> 
  custom:container-muxer-webm: aa71ff27fc2769a1b78a27578f13a17b -> 
  custom:container-demuxer-webm: 4f35f7cbe854078d1ac9338744f61a02 -> 
  custom:container-demuxer-ogg: 62fdf1f143b41e24485cea50d1cbac27 -> 
  custom:video-encoder-webm-vp8: eb34c28f22e8b96e1ab97ce403110664 -> 
  custom:video-decoder-webm-vp8: 9c59270c3fd7afecdb556c50c9e8de78 -> 
  custom:audio-decoder-ogg-vorbis: bf7c407c2cedff20999df2af8eb42d56 -> 
  custom:audio-encoder-webm-vorbis: bf7c407c2cedff20999df2af8eb42d56 -> 
========================================================================
Received Import Request.
  Time since last request: 226.996436 seconds.
  path: Assets/Content/BullerSPrite.png
  artifactKey: Guid(8b8f6fbf41171f545ad982dc322c6037) Importer(815301076,1909f56bfc062723c751e8b465ee728b)
Start importing Assets/Content/BullerSPrite.png using Guid(8b8f6fbf41171f545ad982dc322c6037) Importer(815301076,1909f56bfc062723c751e8b465ee728b)  -> (artifact id: '5016760e3d4f3a0ca5d93e7bfcf993cd') in 0.064166 seconds 
  Import took 0.068026 seconds .

========================================================================
Received Import Request.
  Time since last request: 0.000276 seconds.
  path: Assets/Content/polyBuller.png
  artifactKey: Guid(e54573f23d595424f8489229d52f4d30) Importer(815301076,1909f56bfc062723c751e8b465ee728b)
Start importing Assets/Content/polyBuller.png using Guid(e54573f23d595424f8489229d52f4d30) Importer(815301076,1909f56bfc062723c751e8b465ee728b)  -> (artifact id: '83dbe6cbc33548c02f36f04106bd816d') in 0.014620 seconds 
  Import took 0.018323 seconds .

========================================================================
Received Prepare
Registering precompiled user dll's ...
Registered in 0.008474 seconds.
Begin MonoManager ReloadAssembly
Native extension for WindowsStandalone target not found
Refreshing native plugins compatible for Editor in 0.57 ms, found 2 plugins.
Preloading 0 native plugins for Editor in 0.00 ms.
Mono: successfully reloaded assembly
- Completed reload, in  1.339 seconds
Platform modules already initialized, skipping
Refreshing native plugins compatible for Editor in 0.62 ms, found 2 plugins.
Preloading 0 native plugins for Editor in 0.00 ms.
Unloading 1836 Unused Serialized files (Serialized files now loaded: 0)
System memory in use before: 83.6 MB.
System memory in use after: 83.7 MB.

Unloading 20 unused Assets to reduce memory usage. Loaded Objects now: 2339.
Total: 2.456000 ms (FindLiveObjects: 0.198600 ms CreateObjectMapping: 0.075600 ms MarkObjects: 2.156800 ms  DeleteObjects: 0.023300 ms)

AssetImportParameters requested are different than current active one (requested -> active):
  custom:framework-win-MediaFoundation: 216162199b28c13a410421893ffa2e32 -> 
  custom:video-decoder-ogg-theora: a1e56fd34408186e4bbccfd4996cb3dc -> 
  custom:container-muxer-webm: aa71ff27fc2769a1b78a27578f13a17b -> 
  custom:container-demuxer-webm: 4f35f7cbe854078d1ac9338744f61a02 -> 
  custom:container-demuxer-ogg: 62fdf1f143b41e24485cea50d1cbac27 -> 
  custom:video-encoder-webm-vp8: eb34c28f22e8b96e1ab97ce403110664 -> 
  custom:video-decoder-webm-vp8: 9c59270c3fd7afecdb556c50c9e8de78 -> 
  custom:audio-decoder-ogg-vorbis: bf7c407c2cedff20999df2af8eb42d56 -> 
  custom:audio-encoder-webm-vorbis: bf7c407c2cedff20999df2af8eb42d56 -> 
========================================================================
Received Import Request.
  Time since last request: 27.179318 seconds.
  path: Assets/Content/polyBuller.png
  artifactKey: Guid(e54573f23d595424f8489229d52f4d30) Importer(815301076,1909f56bfc062723c751e8b465ee728b)
Start importing Assets/Content/polyBuller.png using Guid(e54573f23d595424f8489229d52f4d30) Importer(815301076,1909f56bfc062723c751e8b465ee728b)  -> (artifact id: 'adef1aa07940a3a556550e75f26aabab') in 0.072488 seconds 
  Import took 0.076867 seconds .

========================================================================
Received Import Request.
  Time since last request: 0.005182 seconds.
  path: Assets/Content/polyBuller.png
  artifactKey: Guid(e54573f23d595424f8489229d52f4d30) Importer(815301076,1909f56bfc062723c751e8b465ee728b)
Start importing Assets/Content/polyBuller.png using Guid(e54573f23d595424f8489229d52f4d30) Importer(815301076,1909f56bfc062723c751e8b465ee728b)  -> (artifact id: 'adef1aa07940a3a556550e75f26aabab') in 0.015004 seconds 
  Import took 0.019924 seconds .

========================================================================
Received Import Request.
  Time since last request: 5.530480 seconds.
  path: Assets/Content/Shot.prefab
  artifactKey: Guid(17dbaa1bd8bc86c40a8a63a91cdebb83) Importer(815301076,1909f56bfc062723c751e8b465ee728b)
Start importing Assets/Content/Shot.prefab using Guid(17dbaa1bd8bc86c40a8a63a91cdebb83) Importer(815301076,1909f56bfc062723c751e8b465ee728b)  -> (artifact id: 'a42ae7273f8d747e65d9fed08befc399') in 0.027282 seconds 
  Import took 0.032024 seconds .

========================================================================
Received Prepare
Registering precompiled user dll's ...
Registered in 0.008554 seconds.
Begin MonoManager ReloadAssembly
Native extension for WindowsStandalone target not found
Refreshing native plugins compatible for Editor in 0.57 ms, found 2 plugins.
Preloading 0 native plugins for Editor in 0.00 ms.
Mono: successfully reloaded assembly
- Completed reload, in  1.365 seconds
Platform modules already initialized, skipping
Refreshing native plugins compatible for Editor in 0.62 ms, found 2 plugins.
Preloading 0 native plugins for Editor in 0.00 ms.
Unloading 1836 Unused Serialized files (Serialized files now loaded: 0)
System memory in use before: 83.6 MB.
System memory in use after: 83.7 MB.

Unloading 20 unused Assets to reduce memory usage. Loaded Objects now: 2343.
Total: 2.409300 ms (FindLiveObjects: 0.194200 ms CreateObjectMapping: 0.073000 ms MarkObjects: 2.113000 ms  DeleteObjects: 0.027800 ms)

AssetImportParameters requested are different than current active one (requested -> active):
  custom:framework-win-MediaFoundation: 216162199b28c13a410421893ffa2e32 -> 
  custom:video-decoder-ogg-theora: a1e56fd34408186e4bbccfd4996cb3dc -> 
  custom:container-muxer-webm: aa71ff27fc2769a1b78a27578f13a17b -> 
  custom:container-demuxer-webm: 4f35f7cbe854078d1ac9338744f61a02 -> 
  custom:container-demuxer-ogg: 62fdf1f143b41e24485cea50d1cbac27 -> 
  custom:video-encoder-webm-vp8: eb34c28f22e8b96e1ab97ce403110664 -> 
  custom:video-decoder-webm-vp8: 9c59270c3fd7afecdb556c50c9e8de78 -> 
  custom:audio-decoder-ogg-vorbis: bf7c407c2cedff20999df2af8eb42d56 -> 
  custom:audio-encoder-webm-vorbis: bf7c407c2cedff20999df2af8eb42d56 -> 
========================================================================
Received Import Request.
  Time since last request: 74.629462 seconds.
  path: Assets/Content/Безымянный.png
  artifactKey: Guid(f527cf28402da6d4cbc3071615d4f30a) Importer(815301076,1909f56bfc062723c751e8b465ee728b)
Start importing Assets/Content/Безымянный.png using Guid(f527cf28402da6d4cbc3071615d4f30a) Importer(815301076,1909f56bfc062723c751e8b465ee728b)  -> (artifact id: '248d57ec82e2b5636ea806f88cf6a373') in 0.044633 seconds 
  Import took 0.048183 seconds .

========================================================================
Received Import Request.
  Time since last request: 18.029855 seconds.
  path: Assets/Content/PolySkybox.png
  artifactKey: Guid(f527cf28402da6d4cbc3071615d4f30a) Importer(815301076,1909f56bfc062723c751e8b465ee728b)
Start importing Assets/Content/PolySkybox.png using Guid(f527cf28402da6d4cbc3071615d4f30a) Importer(815301076,1909f56bfc062723c751e8b465ee728b)  -> (artifact id: 'b1f78e2174fa3183535aeb5faa7972bc') in 0.024985 seconds 
  Import took 0.028667 seconds .

========================================================================
Received Import Request.
  Time since last request: 15.125488 seconds.
  path: Assets/Content/PolySkybox.png
  artifactKey: Guid(f527cf28402da6d4cbc3071615d4f30a) Importer(815301076,1909f56bfc062723c751e8b465ee728b)
Start importing Assets/Content/PolySkybox.png using Guid(f527cf28402da6d4cbc3071615d4f30a) Importer(815301076,1909f56bfc062723c751e8b465ee728b)  -> (artifact id: 'ebb66b486d0fba6d86d2a87b3473a042') in 0.036645 seconds 
  Import took 0.040738 seconds .

========================================================================
Received Prepare
Registering precompiled user dll's ...
Registered in 0.032336 seconds.
Begin MonoManager ReloadAssembly
Native extension for WindowsStandalone target not found
Refreshing native plugins compatible for Editor in 0.85 ms, found 2 plugins.
Preloading 0 native plugins for Editor in 0.00 ms.
Mono: successfully reloaded assembly
- Completed reload, in  1.857 seconds
Platform modules already initialized, skipping
Refreshing native plugins compatible for Editor in 0.83 ms, found 2 plugins.
Preloading 0 native plugins for Editor in 0.00 ms.
Unloading 1836 Unused Serialized files (Serialized files now loaded: 0)
System memory in use before: 83.6 MB.
System memory in use after: 83.7 MB.

Unloading 20 unused Assets to reduce memory usage. Loaded Objects now: 2349.
Total: 6.067100 ms (FindLiveObjects: 0.233200 ms CreateObjectMapping: 0.082300 ms MarkObjects: 5.703200 ms  DeleteObjects: 0.046100 ms)

AssetImportParameters requested are different than current active one (requested -> active):
  custom:framework-win-MediaFoundation: 216162199b28c13a410421893ffa2e32 -> 
  custom:video-decoder-ogg-theora: a1e56fd34408186e4bbccfd4996cb3dc -> 
  custom:container-muxer-webm: aa71ff27fc2769a1b78a27578f13a17b -> 
  custom:container-demuxer-webm: 4f35f7cbe854078d1ac9338744f61a02 -> 
  custom:container-demuxer-ogg: 62fdf1f143b41e24485cea50d1cbac27 -> 
  custom:video-encoder-webm-vp8: eb34c28f22e8b96e1ab97ce403110664 -> 
  custom:video-decoder-webm-vp8: 9c59270c3fd7afecdb556c50c9e8de78 -> 
  custom:audio-decoder-ogg-vorbis: bf7c407c2cedff20999df2af8eb42d56 -> 
  custom:audio-encoder-webm-vorbis: bf7c407c2cedff20999df2af8eb42d56 -> 
========================================================================
Received Prepare
Registering precompiled user dll's ...
Registered in 0.018225 seconds.
Begin MonoManager ReloadAssembly
Native extension for WindowsStandalone target not found
Refreshing native plugins compatible for Editor in 0.97 ms, found 2 plugins.
Preloading 0 native plugins for Editor in 0.00 ms.
Mono: successfully reloaded assembly
- Completed reload, in  2.893 seconds
Platform modules already initialized, skipping
Refreshing native plugins compatible for Editor in 0.66 ms, found 2 plugins.
Preloading 0 native plugins for Editor in 0.00 ms.
Unloading 1836 Unused Serialized files (Serialized files now loaded: 0)
System memory in use before: 83.6 MB.
System memory in use after: 83.7 MB.

Unloading 20 unused Assets to reduce memory usage. Loaded Objects now: 2352.
Total: 3.210900 ms (FindLiveObjects: 0.273600 ms CreateObjectMapping: 0.084600 ms MarkObjects: 2.825500 ms  DeleteObjects: 0.025200 ms)

AssetImportParameters requested are different than current active one (requested -> active):
  custom:framework-win-MediaFoundation: 216162199b28c13a410421893ffa2e32 -> 
  custom:video-decoder-ogg-theora: a1e56fd34408186e4bbccfd4996cb3dc -> 
  custom:container-muxer-webm: aa71ff27fc2769a1b78a27578f13a17b -> 
  custom:container-demuxer-webm: 4f35f7cbe854078d1ac9338744f61a02 -> 
  custom:container-demuxer-ogg: 62fdf1f143b41e24485cea50d1cbac27 -> 
  custom:video-encoder-webm-vp8: eb34c28f22e8b96e1ab97ce403110664 -> 
  custom:video-decoder-webm-vp8: 9c59270c3fd7afecdb556c50c9e8de78 -> 
  custom:audio-decoder-ogg-vorbis: bf7c407c2cedff20999df2af8eb42d56 -> 
  custom:audio-encoder-webm-vorbis: bf7c407c2cedff20999df2af8eb42d56 -> 
========================================================================
Received Prepare
Registering precompiled user dll's ...
Registered in 0.021473 seconds.
Begin MonoManager ReloadAssembly
Native extension for WindowsStandalone target not found
Refreshing native plugins compatible for Editor in 0.69 ms, found 2 plugins.
Preloading 0 native plugins for Editor in 0.00 ms.
Mono: successfully reloaded assembly
- Completed reload, in  2.104 seconds
Platform modules already initialized, skipping
Refreshing native plugins compatible for Editor in 1.14 ms, found 2 plugins.
Preloading 0 native plugins for Editor in 0.00 ms.
Unloading 1836 Unused Serialized files (Serialized files now loaded: 0)
System memory in use before: 83.6 MB.
System memory in use after: 83.7 MB.

Unloading 20 unused Assets to reduce memory usage. Loaded Objects now: 2355.
Total: 3.198000 ms (FindLiveObjects: 0.437300 ms CreateObjectMapping: 0.105800 ms MarkObjects: 2.602300 ms  DeleteObjects: 0.049600 ms)

AssetImportParameters requested are different than current active one (requested -> active):
  custom:framework-win-MediaFoundation: 216162199b28c13a410421893ffa2e32 -> 
  custom:video-decoder-ogg-theora: a1e56fd34408186e4bbccfd4996cb3dc -> 
  custom:container-muxer-webm: aa71ff27fc2769a1b78a27578f13a17b -> 
  custom:container-demuxer-webm: 4f35f7cbe854078d1ac9338744f61a02 -> 
  custom:container-demuxer-ogg: 62fdf1f143b41e24485cea50d1cbac27 -> 
  custom:video-encoder-webm-vp8: eb34c28f22e8b96e1ab97ce403110664 -> 
  custom:video-decoder-webm-vp8: 9c59270c3fd7afecdb556c50c9e8de78 -> 
  custom:audio-decoder-ogg-vorbis: bf7c407c2cedff20999df2af8eb42d56 -> 
  custom:audio-encoder-webm-vorbis: bf7c407c2cedff20999df2af8eb42d56 -> 
========================================================================
Received Prepare
Registering precompiled user dll's ...
Registered in 0.039954 seconds.
Begin MonoManager ReloadAssembly
Native extension for WindowsStandalone target not found
Refreshing native plugins compatible for Editor in 0.87 ms, found 2 plugins.
Preloading 0 native plugins for Editor in 0.00 ms.
Mono: successfully reloaded assembly
- Completed reload, in  3.011 seconds
Platform modules already initialized, skipping
Refreshing native plugins compatible for Editor in 4.82 ms, found 2 plugins.
Preloading 0 native plugins for Editor in 0.00 ms.
Unloading 1836 Unused Serialized files (Serialized files now loaded: 0)
System memory in use before: 83.6 MB.
System memory in use after: 83.7 MB.

Unloading 20 unused Assets to reduce memory usage. Loaded Objects now: 2358.
Total: 6.299700 ms (FindLiveObjects: 0.774100 ms CreateObjectMapping: 0.099900 ms MarkObjects: 5.384500 ms  DeleteObjects: 0.034000 ms)

AssetImportParameters requested are different than current active one (requested -> active):
  custom:framework-win-MediaFoundation: 216162199b28c13a410421893ffa2e32 -> 
  custom:video-decoder-ogg-theora: a1e56fd34408186e4bbccfd4996cb3dc -> 
  custom:container-muxer-webm: aa71ff27fc2769a1b78a27578f13a17b -> 
  custom:container-demuxer-webm: 4f35f7cbe854078d1ac9338744f61a02 -> 
  custom:container-demuxer-ogg: 62fdf1f143b41e24485cea50d1cbac27 -> 
  custom:video-encoder-webm-vp8: eb34c28f22e8b96e1ab97ce403110664 -> 
  custom:video-decoder-webm-vp8: 9c59270c3fd7afecdb556c50c9e8de78 -> 
  custom:audio-decoder-ogg-vorbis: bf7c407c2cedff20999df2af8eb42d56 -> 
  custom:audio-encoder-webm-vorbis: bf7c407c2cedff20999df2af8eb42d56 -> 
========================================================================
Received Import Request.
  Time since last request: 1420.870997 seconds.
  path: Assets/Content/Asteroid.prefab
  artifactKey: Guid(cac64584871e11d4cb9bb55b0009a22c) Importer(815301076,1909f56bfc062723c751e8b465ee728b)
Start importing Assets/Content/Asteroid.prefab using Guid(cac64584871e11d4cb9bb55b0009a22c) Importer(815301076,1909f56bfc062723c751e8b465ee728b)  -> (artifact id: 'f40fd4f3a72f0992586ee20171275531') in 0.054793 seconds 
  Import took 0.059429 seconds .

========================================================================
Received Import Request.
  Time since last request: 0.000243 seconds.
  path: Assets/Content/AsteroidPiece.prefab
  artifactKey: Guid(3ea948ccb9e69ea4faddb093a2b85a68) Importer(815301076,1909f56bfc062723c751e8b465ee728b)
Start importing Assets/Content/AsteroidPiece.prefab using Guid(3ea948ccb9e69ea4faddb093a2b85a68) Importer(815301076,1909f56bfc062723c751e8b465ee728b)  -> (artifact id: 'ca3009b67839155213748936c1d51ccb') in 0.008115 seconds 
  Import took 0.012700 seconds .

========================================================================
Received Import Request.
  Time since last request: 0.000223 seconds.
  path: Assets/Content/Alien.prefab
  artifactKey: Guid(03b7121d420270a4586eca2211a57993) Importer(815301076,1909f56bfc062723c751e8b465ee728b)
Start importing Assets/Content/Alien.prefab using Guid(03b7121d420270a4586eca2211a57993) Importer(815301076,1909f56bfc062723c751e8b465ee728b)  -> (artifact id: 'aa5eaa4723a4723497a1f3e9d35f97ba') in 0.020494 seconds 
  Import took 0.026458 seconds .

========================================================================
Received Prepare
Registering precompiled user dll's ...
Registered in 0.050435 seconds.
Begin MonoManager ReloadAssembly
Native extension for WindowsStandalone target not found
Refreshing native plugins compatible for Editor in 0.65 ms, found 2 plugins.
Preloading 0 native plugins for Editor in 0.00 ms.
Mono: successfully reloaded assembly
- Completed reload, in  2.440 seconds
Platform modules already initialized, skipping
Refreshing native plugins compatible for Editor in 0.76 ms, found 2 plugins.
Preloading 0 native plugins for Editor in 0.00 ms.
Unloading 1836 Unused Serialized files (Serialized files now loaded: 0)
System memory in use before: 83.6 MB.
System memory in use after: 83.7 MB.

Unloading 20 unused Assets to reduce memory usage. Loaded Objects now: 2361.
Total: 4.637700 ms (FindLiveObjects: 0.375800 ms CreateObjectMapping: 0.091200 ms MarkObjects: 4.137000 ms  DeleteObjects: 0.031700 ms)

AssetImportParameters requested are different than current active one (requested -> active):
  custom:framework-win-MediaFoundation: 216162199b28c13a410421893ffa2e32 -> 
  custom:video-decoder-ogg-theora: a1e56fd34408186e4bbccfd4996cb3dc -> 
  custom:container-muxer-webm: aa71ff27fc2769a1b78a27578f13a17b -> 
  custom:container-demuxer-webm: 4f35f7cbe854078d1ac9338744f61a02 -> 
  custom:container-demuxer-ogg: 62fdf1f143b41e24485cea50d1cbac27 -> 
  custom:video-encoder-webm-vp8: eb34c28f22e8b96e1ab97ce403110664 -> 
  custom:video-decoder-webm-vp8: 9c59270c3fd7afecdb556c50c9e8de78 -> 
  custom:audio-decoder-ogg-vorbis: bf7c407c2cedff20999df2af8eb42d56 -> 
  custom:audio-encoder-webm-vorbis: bf7c407c2cedff20999df2af8eb42d56 -> 
========================================================================
Received Prepare
Registering precompiled user dll's ...
Registered in 0.012187 seconds.
Begin MonoManager ReloadAssembly
Native extension for WindowsStandalone target not found
Refreshing native plugins compatible for Editor in 0.88 ms, found 2 plugins.
Preloading 0 native plugins for Editor in 0.00 ms.
Mono: successfully reloaded assembly
- Completed reload, in  2.084 seconds
Platform modules already initialized, skipping
Refreshing native plugins compatible for Editor in 0.81 ms, found 2 plugins.
Preloading 0 native plugins for Editor in 0.00 ms.
Unloading 1836 Unused Serialized files (Serialized files now loaded: 0)
System memory in use before: 83.6 MB.
System memory in use after: 83.7 MB.

Unloading 20 unused Assets to reduce memory usage. Loaded Objects now: 2364.
Total: 11.222400 ms (FindLiveObjects: 0.378400 ms CreateObjectMapping: 0.088500 ms MarkObjects: 10.610400 ms  DeleteObjects: 0.137000 ms)

AssetImportParameters requested are different than current active one (requested -> active):
  custom:framework-win-MediaFoundation: 216162199b28c13a410421893ffa2e32 -> 
  custom:video-decoder-ogg-theora: a1e56fd34408186e4bbccfd4996cb3dc -> 
  custom:container-muxer-webm: aa71ff27fc2769a1b78a27578f13a17b -> 
  custom:container-demuxer-webm: 4f35f7cbe854078d1ac9338744f61a02 -> 
  custom:container-demuxer-ogg: 62fdf1f143b41e24485cea50d1cbac27 -> 
  custom:video-encoder-webm-vp8: eb34c28f22e8b96e1ab97ce403110664 -> 
  custom:video-decoder-webm-vp8: 9c59270c3fd7afecdb556c50c9e8de78 -> 
  custom:audio-decoder-ogg-vorbis: bf7c407c2cedff20999df2af8eb42d56 -> 
  custom:audio-encoder-webm-vorbis: bf7c407c2cedff20999df2af8eb42d56 -> 
========================================================================
Received Prepare
Registering precompiled user dll's ...
Registered in 0.009059 seconds.
Begin MonoManager ReloadAssembly
Native extension for WindowsStandalone target not found
Refreshing native plugins compatible for Editor in 1.42 ms, found 2 plugins.
Preloading 0 native plugins for Editor in 0.00 ms.
Mono: successfully reloaded assembly
- Completed reload, in  2.437 seconds
Platform modules already initialized, skipping
Refreshing native plugins compatible for Editor in 0.70 ms, found 2 plugins.
Preloading 0 native plugins for Editor in 0.00 ms.
Unloading 1837 Unused Serialized files (Serialized files now loaded: 0)
System memory in use before: 83.6 MB.
System memory in use after: 83.8 MB.

Unloading 20 unused Assets to reduce memory usage. Loaded Objects now: 2368.
Total: 2.278400 ms (FindLiveObjects: 0.201600 ms CreateObjectMapping: 0.075500 ms MarkObjects: 1.979800 ms  DeleteObjects: 0.019800 ms)

AssetImportParameters requested are different than current active one (requested -> active):
  custom:framework-win-MediaFoundation: 216162199b28c13a410421893ffa2e32 -> 
  custom:video-decoder-ogg-theora: a1e56fd34408186e4bbccfd4996cb3dc -> 
  custom:container-muxer-webm: aa71ff27fc2769a1b78a27578f13a17b -> 
  custom:container-demuxer-webm: 4f35f7cbe854078d1ac9338744f61a02 -> 
  custom:container-demuxer-ogg: 62fdf1f143b41e24485cea50d1cbac27 -> 
  custom:video-encoder-webm-vp8: eb34c28f22e8b96e1ab97ce403110664 -> 
  custom:video-decoder-webm-vp8: 9c59270c3fd7afecdb556c50c9e8de78 -> 
  custom:audio-decoder-ogg-vorbis: bf7c407c2cedff20999df2af8eb42d56 -> 
  custom:audio-encoder-webm-vorbis: bf7c407c2cedff20999df2af8eb42d56 -> 
========================================================================
Received Prepare
Registering precompiled user dll's ...
Registered in 0.012143 seconds.
Begin MonoManager ReloadAssembly
Native extension for WindowsStandalone target not found
Refreshing native plugins compatible for Editor in 0.64 ms, found 2 plugins.
Preloading 0 native plugins for Editor in 0.00 ms.
Mono: successfully reloaded assembly
- Completed reload, in  3.662 seconds
Platform modules already initialized, skipping
Refreshing native plugins compatible for Editor in 0.75 ms, found 2 plugins.
Preloading 0 native plugins for Editor in 0.00 ms.
Unloading 1838 Unused Serialized files (Serialized files now loaded: 0)
System memory in use before: 83.7 MB.
System memory in use after: 83.8 MB.

Unloading 20 unused Assets to reduce memory usage. Loaded Objects now: 2372.
Total: 27.516400 ms (FindLiveObjects: 0.563900 ms CreateObjectMapping: 0.130000 ms MarkObjects: 26.763500 ms  DeleteObjects: 0.054000 ms)

AssetImportParameters requested are different than current active one (requested -> active):
  custom:framework-win-MediaFoundation: 216162199b28c13a410421893ffa2e32 -> 
  custom:video-decoder-ogg-theora: a1e56fd34408186e4bbccfd4996cb3dc -> 
  custom:container-muxer-webm: aa71ff27fc2769a1b78a27578f13a17b -> 
  custom:container-demuxer-webm: 4f35f7cbe854078d1ac9338744f61a02 -> 
  custom:container-demuxer-ogg: 62fdf1f143b41e24485cea50d1cbac27 -> 
  custom:video-encoder-webm-vp8: eb34c28f22e8b96e1ab97ce403110664 -> 
  custom:video-decoder-webm-vp8: 9c59270c3fd7afecdb556c50c9e8de78 -> 
  custom:audio-decoder-ogg-vorbis: bf7c407c2cedff20999df2af8eb42d56 -> 
  custom:audio-encoder-webm-vorbis: bf7c407c2cedff20999df2af8eb42d56 -> 
========================================================================
Received Prepare
Registering precompiled user dll's ...
Registered in 0.058732 seconds.
Begin MonoManager ReloadAssembly
Native extension for WindowsStandalone target not found
Refreshing native plugins compatible for Editor in 2.47 ms, found 2 plugins.
Preloading 0 native plugins for Editor in 0.00 ms.
Mono: successfully reloaded assembly
- Completed reload, in  3.178 seconds
Platform modules already initialized, skipping
Refreshing native plugins compatible for Editor in 2.32 ms, found 2 plugins.
Preloading 0 native plugins for Editor in 0.00 ms.
Unloading 1839 Unused Serialized files (Serialized files now loaded: 0)
System memory in use before: 83.7 MB.
System memory in use after: 83.8 MB.

Unloading 20 unused Assets to reduce memory usage. Loaded Objects now: 2376.
Total: 19.287400 ms (FindLiveObjects: 1.695300 ms CreateObjectMapping: 0.652400 ms MarkObjects: 16.721000 ms  DeleteObjects: 0.204100 ms)

AssetImportParameters requested are different than current active one (requested -> active):
  custom:framework-win-MediaFoundation: 216162199b28c13a410421893ffa2e32 -> 
  custom:video-decoder-ogg-theora: a1e56fd34408186e4bbccfd4996cb3dc -> 
  custom:container-muxer-webm: aa71ff27fc2769a1b78a27578f13a17b -> 
  custom:container-demuxer-webm: 4f35f7cbe854078d1ac9338744f61a02 -> 
  custom:container-demuxer-ogg: 62fdf1f143b41e24485cea50d1cbac27 -> 
  custom:video-encoder-webm-vp8: eb34c28f22e8b96e1ab97ce403110664 -> 
  custom:video-decoder-webm-vp8: 9c59270c3fd7afecdb556c50c9e8de78 -> 
  custom:audio-decoder-ogg-vorbis: bf7c407c2cedff20999df2af8eb42d56 -> 
  custom:audio-encoder-webm-vorbis: bf7c407c2cedff20999df2af8eb42d56 -> 
========================================================================
Received Prepare
Registering precompiled user dll's ...
Registered in 0.012379 seconds.
Begin MonoManager ReloadAssembly
Native extension for WindowsStandalone target not found
Refreshing native plugins compatible for Editor in 1.44 ms, found 2 plugins.
Preloading 0 native plugins for Editor in 0.00 ms.
Mono: successfully reloaded assembly
- Completed reload, in  2.378 seconds
Platform modules already initialized, skipping
Refreshing native plugins compatible for Editor in 1.03 ms, found 2 plugins.
Preloading 0 native plugins for Editor in 0.00 ms.
Unloading 1839 Unused Serialized files (Serialized files now loaded: 0)
System memory in use before: 83.7 MB.
System memory in use after: 83.8 MB.

Unloading 20 unused Assets to reduce memory usage. Loaded Objects now: 2379.
Total: 3.015300 ms (FindLiveObjects: 0.333300 ms CreateObjectMapping: 0.099000 ms MarkObjects: 2.541000 ms  DeleteObjects: 0.039400 ms)

AssetImportParameters requested are different than current active one (requested -> active):
  custom:framework-win-MediaFoundation: 216162199b28c13a410421893ffa2e32 -> 
  custom:video-decoder-ogg-theora: a1e56fd34408186e4bbccfd4996cb3dc -> 
  custom:container-muxer-webm: aa71ff27fc2769a1b78a27578f13a17b -> 
  custom:container-demuxer-webm: 4f35f7cbe854078d1ac9338744f61a02 -> 
  custom:container-demuxer-ogg: 62fdf1f143b41e24485cea50d1cbac27 -> 
  custom:video-encoder-webm-vp8: eb34c28f22e8b96e1ab97ce403110664 -> 
  custom:video-decoder-webm-vp8: 9c59270c3fd7afecdb556c50c9e8de78 -> 
  custom:audio-decoder-ogg-vorbis: bf7c407c2cedff20999df2af8eb42d56 -> 
  custom:audio-encoder-webm-vorbis: bf7c407c2cedff20999df2af8eb42d56 -> 
========================================================================
Received Import Request.
  Time since last request: 1890.328679 seconds.
  path: Assets/Scripts/MonoViews.asmdef
  artifactKey: Guid(34f6862f7955e2b43b5219883418be00) Importer(815301076,1909f56bfc062723c751e8b465ee728b)
Start importing Assets/Scripts/MonoViews.asmdef using Guid(34f6862f7955e2b43b5219883418be00) Importer(815301076,1909f56bfc062723c751e8b465ee728b)  -> (artifact id: 'ac3cd2dec9f7ccdd9c1c655f731bee5a') in 0.046253 seconds 
  Import took 0.054389 seconds .

========================================================================
Received Prepare
Registering precompiled user dll's ...
Registered in 0.011282 seconds.
Begin MonoManager ReloadAssembly
Native extension for WindowsStandalone target not found
Refreshing native plugins compatible for Editor in 0.82 ms, found 2 plugins.
Preloading 0 native plugins for Editor in 0.00 ms.
Mono: successfully reloaded assembly
- Completed reload, in  2.860 seconds
Platform modules already initialized, skipping
Refreshing native plugins compatible for Editor in 0.83 ms, found 2 plugins.
Preloading 0 native plugins for Editor in 0.00 ms.
Unloading 1839 Unused Serialized files (Serialized files now loaded: 0)
System memory in use before: 83.7 MB.
System memory in use after: 83.8 MB.

Unloading 20 unused Assets to reduce memory usage. Loaded Objects now: 2382.
Total: 6.003800 ms (FindLiveObjects: 0.208700 ms CreateObjectMapping: 0.081700 ms MarkObjects: 5.660400 ms  DeleteObjects: 0.050400 ms)

AssetImportParameters requested are different than current active one (requested -> active):
  custom:framework-win-MediaFoundation: 216162199b28c13a410421893ffa2e32 -> 
  custom:video-decoder-ogg-theora: a1e56fd34408186e4bbccfd4996cb3dc -> 
  custom:container-muxer-webm: aa71ff27fc2769a1b78a27578f13a17b -> 
  custom:container-demuxer-webm: 4f35f7cbe854078d1ac9338744f61a02 -> 
  custom:container-demuxer-ogg: 62fdf1f143b41e24485cea50d1cbac27 -> 
  custom:video-encoder-webm-vp8: eb34c28f22e8b96e1ab97ce403110664 -> 
  custom:video-decoder-webm-vp8: 9c59270c3fd7afecdb556c50c9e8de78 -> 
  custom:audio-decoder-ogg-vorbis: bf7c407c2cedff20999df2af8eb42d56 -> 
  custom:audio-encoder-webm-vorbis: bf7c407c2cedff20999df2af8eb42d56 -> 
========================================================================
Received Import Request.
  Time since last request: 71.077263 seconds.
  path: Assets/Scripts/MonoViews.asmdef
  artifactKey: Guid(34f6862f7955e2b43b5219883418be00) Importer(815301076,1909f56bfc062723c751e8b465ee728b)
Start importing Assets/Scripts/MonoViews.asmdef using Guid(34f6862f7955e2b43b5219883418be00) Importer(815301076,1909f56bfc062723c751e8b465ee728b)  -> (artifact id: '2328227970bad26394f8d88782ce23a6') in 0.017025 seconds 
  Import took 0.027072 seconds .

========================================================================
Received Prepare
Registering precompiled user dll's ...
Registered in 0.016897 seconds.
Begin MonoManager ReloadAssembly
Native extension for WindowsStandalone target not found
Refreshing native plugins compatible for Editor in 0.73 ms, found 2 plugins.
Preloading 0 native plugins for Editor in 0.00 ms.
Mono: successfully reloaded assembly
- Completed reload, in  3.086 seconds
Platform modules already initialized, skipping
Refreshing native plugins compatible for Editor in 0.73 ms, found 2 plugins.
Preloading 0 native plugins for Editor in 0.00 ms.
Unloading 1839 Unused Serialized files (Serialized files now loaded: 0)
System memory in use before: 83.7 MB.
System memory in use after: 83.9 MB.

Unloading 20 unused Assets to reduce memory usage. Loaded Objects now: 2385.
Total: 3.896400 ms (FindLiveObjects: 0.382200 ms CreateObjectMapping: 0.093300 ms MarkObjects: 3.388900 ms  DeleteObjects: 0.029100 ms)

AssetImportParameters requested are different than current active one (requested -> active):
  custom:framework-win-MediaFoundation: 216162199b28c13a410421893ffa2e32 -> 
  custom:video-decoder-ogg-theora: a1e56fd34408186e4bbccfd4996cb3dc -> 
  custom:container-muxer-webm: aa71ff27fc2769a1b78a27578f13a17b -> 
  custom:container-demuxer-webm: 4f35f7cbe854078d1ac9338744f61a02 -> 
  custom:container-demuxer-ogg: 62fdf1f143b41e24485cea50d1cbac27 -> 
  custom:video-encoder-webm-vp8: eb34c28f22e8b96e1ab97ce403110664 -> 
  custom:video-decoder-webm-vp8: 9c59270c3fd7afecdb556c50c9e8de78 -> 
  custom:audio-decoder-ogg-vorbis: bf7c407c2cedff20999df2af8eb42d56 -> 
  custom:audio-encoder-webm-vorbis: bf7c407c2cedff20999df2af8eb42d56 -> 
========================================================================
Received Prepare
Registering precompiled user dll's ...
Registered in 0.008317 seconds.
Begin MonoManager ReloadAssembly
Native extension for WindowsStandalone target not found
Refreshing native plugins compatible for Editor in 1.05 ms, found 2 plugins.
Preloading 0 native plugins for Editor in 0.00 ms.
Mono: successfully reloaded assembly
- Completed reload, in  2.159 seconds
Platform modules already initialized, skipping
Refreshing native plugins compatible for Editor in 1.56 ms, found 2 plugins.
Preloading 0 native plugins for Editor in 0.00 ms.
Unloading 1839 Unused Serialized files (Serialized files now loaded: 0)
System memory in use before: 83.7 MB.
System memory in use after: 83.9 MB.

Unloading 20 unused Assets to reduce memory usage. Loaded Objects now: 2388.
Total: 4.437600 ms (FindLiveObjects: 0.245500 ms CreateObjectMapping: 0.078800 ms MarkObjects: 4.073300 ms  DeleteObjects: 0.037500 ms)

AssetImportParameters requested are different than current active one (requested -> active):
  custom:framework-win-MediaFoundation: 216162199b28c13a410421893ffa2e32 -> 
  custom:video-decoder-ogg-theora: a1e56fd34408186e4bbccfd4996cb3dc -> 
  custom:container-muxer-webm: aa71ff27fc2769a1b78a27578f13a17b -> 
  custom:container-demuxer-webm: 4f35f7cbe854078d1ac9338744f61a02 -> 
  custom:container-demuxer-ogg: 62fdf1f143b41e24485cea50d1cbac27 -> 
  custom:video-encoder-webm-vp8: eb34c28f22e8b96e1ab97ce403110664 -> 
  custom:video-decoder-webm-vp8: 9c59270c3fd7afecdb556c50c9e8de78 -> 
  custom:audio-decoder-ogg-vorbis: bf7c407c2cedff20999df2af8eb42d56 -> 
  custom:audio-encoder-webm-vorbis: bf7c407c2cedff20999df2af8eb42d56 -> 
========================================================================
Received Prepare
Registering precompiled user dll's ...
Registered in 0.012686 seconds.
Begin MonoManager ReloadAssembly
Native extension for WindowsStandalone target not found
Refreshing native plugins compatible for Editor in 1.52 ms, found 2 plugins.
Preloading 0 native plugins for Editor in 0.00 ms.
Mono: successfully reloaded assembly
- Completed reload, in  2.606 seconds
Platform modules already initialized, skipping
Refreshing native plugins compatible for Editor in 0.57 ms, found 2 plugins.
Preloading 0 native plugins for Editor in 0.00 ms.
Unloading 1839 Unused Serialized files (Serialized files now loaded: 0)
System memory in use before: 83.8 MB.
System memory in use after: 83.9 MB.

Unloading 20 unused Assets to reduce memory usage. Loaded Objects now: 2391.
Total: 2.434500 ms (FindLiveObjects: 0.235100 ms CreateObjectMapping: 0.080700 ms MarkObjects: 2.094600 ms  DeleteObjects: 0.021800 ms)

AssetImportParameters requested are different than current active one (requested -> active):
  custom:framework-win-MediaFoundation: 216162199b28c13a410421893ffa2e32 -> 
  custom:video-decoder-ogg-theora: a1e56fd34408186e4bbccfd4996cb3dc -> 
  custom:container-muxer-webm: aa71ff27fc2769a1b78a27578f13a17b -> 
  custom:container-demuxer-webm: 4f35f7cbe854078d1ac9338744f61a02 -> 
  custom:container-demuxer-ogg: 62fdf1f143b41e24485cea50d1cbac27 -> 
  custom:video-encoder-webm-vp8: eb34c28f22e8b96e1ab97ce403110664 -> 
  custom:video-decoder-webm-vp8: 9c59270c3fd7afecdb556c50c9e8de78 -> 
  custom:audio-decoder-ogg-vorbis: bf7c407c2cedff20999df2af8eb42d56 -> 
  custom:audio-encoder-webm-vorbis: bf7c407c2cedff20999df2af8eb42d56 -> 
========================================================================
Received Prepare
Registering precompiled user dll's ...
Registered in 0.009128 seconds.
Begin MonoManager ReloadAssembly
Native extension for WindowsStandalone target not found
Refreshing native plugins compatible for Editor in 0.58 ms, found 2 plugins.
Preloading 0 native plugins for Editor in 0.00 ms.
Mono: successfully reloaded assembly
- Completed reload, in  1.537 seconds
Platform modules already initialized, skipping
Refreshing native plugins compatible for Editor in 0.91 ms, found 2 plugins.
Preloading 0 native plugins for Editor in 0.00 ms.
Unloading 1839 Unused Serialized files (Serialized files now loaded: 0)
System memory in use before: 83.8 MB.
System memory in use after: 83.9 MB.

Unloading 20 unused Assets to reduce memory usage. Loaded Objects now: 2394.
Total: 2.511500 ms (FindLiveObjects: 0.197000 ms CreateObjectMapping: 0.076000 ms MarkObjects: 2.204900 ms  DeleteObjects: 0.031900 ms)

AssetImportParameters requested are different than current active one (requested -> active):
  custom:framework-win-MediaFoundation: 216162199b28c13a410421893ffa2e32 -> 
  custom:video-decoder-ogg-theora: a1e56fd34408186e4bbccfd4996cb3dc -> 
  custom:container-muxer-webm: aa71ff27fc2769a1b78a27578f13a17b -> 
  custom:container-demuxer-webm: 4f35f7cbe854078d1ac9338744f61a02 -> 
  custom:container-demuxer-ogg: 62fdf1f143b41e24485cea50d1cbac27 -> 
  custom:video-encoder-webm-vp8: eb34c28f22e8b96e1ab97ce403110664 -> 
  custom:video-decoder-webm-vp8: 9c59270c3fd7afecdb556c50c9e8de78 -> 
  custom:audio-decoder-ogg-vorbis: bf7c407c2cedff20999df2af8eb42d56 -> 
  custom:audio-encoder-webm-vorbis: bf7c407c2cedff20999df2af8eb42d56 -> 
========================================================================
Received Import Request.
  Time since last request: 7697.398626 seconds.
  path: Assets/AddressableAssetsData/AssetGroups/Packed Assets.asset
  artifactKey: Guid(597d6e088fa2e09429946d3632abdd3b) Importer(815301076,1909f56bfc062723c751e8b465ee728b)
Start importing Assets/AddressableAssetsData/AssetGroups/Packed Assets.asset using Guid(597d6e088fa2e09429946d3632abdd3b) Importer(815301076,1909f56bfc062723c751e8b465ee728b)  -> (artifact id: 'ad4d52ecea682486b86f80e8da32c61a') in 0.051927 seconds 
  Import took 0.056641 seconds .

========================================================================
Received Import Request.
  Time since last request: 9.135749 seconds.
  path: Assets/AddressableAssetsData/AssetGroups/GameSprites.asset
  artifactKey: Guid(597d6e088fa2e09429946d3632abdd3b) Importer(815301076,1909f56bfc062723c751e8b465ee728b)
Start importing Assets/AddressableAssetsData/AssetGroups/GameSprites.asset using Guid(597d6e088fa2e09429946d3632abdd3b) Importer(815301076,1909f56bfc062723c751e8b465ee728b)  -> (artifact id: '1e13c59754086af1b0625850c5b50f9b') in 0.011194 seconds 
  Import took 0.015174 seconds .

========================================================================
Received Import Request.
  Time since last request: 8.201557 seconds.
  path: Assets/AddressableAssetsData/AssetGroups/GameSprites.asset
  artifactKey: Guid(597d6e088fa2e09429946d3632abdd3b) Importer(815301076,1909f56bfc062723c751e8b465ee728b)
Start importing Assets/AddressableAssetsData/AssetGroups/GameSprites.asset using Guid(597d6e088fa2e09429946d3632abdd3b) Importer(815301076,1909f56bfc062723c751e8b465ee728b)  -> (artifact id: 'e6bf5015c85eb4dbcd0f70dc142fb1e0') in 0.011007 seconds 
  Import took 0.015733 seconds .

========================================================================
Received Import Request.
  Time since last request: 0.754386 seconds.
  path: Assets/AddressableAssetsData/AssetGroups/Packed Assets.asset
  artifactKey: Guid(e1fbabb6ecdeb1845b239720547b6162) Importer(815301076,1909f56bfc062723c751e8b465ee728b)
Start importing Assets/AddressableAssetsData/AssetGroups/Packed Assets.asset using Guid(e1fbabb6ecdeb1845b239720547b6162) Importer(815301076,1909f56bfc062723c751e8b465ee728b)  -> (artifact id: 'e3377bb84e8b978a4cb7479076079b34') in 0.004641 seconds 
  Import took 0.008776 seconds .

========================================================================
Received Import Request.
  Time since last request: 8.314683 seconds.
  path: Assets/AddressableAssetsData/AssetGroups/UISprites.asset
  artifactKey: Guid(e1fbabb6ecdeb1845b239720547b6162) Importer(815301076,1909f56bfc062723c751e8b465ee728b)
Start importing Assets/AddressableAssetsData/AssetGroups/UISprites.asset using Guid(e1fbabb6ecdeb1845b239720547b6162) Importer(815301076,1909f56bfc062723c751e8b465ee728b)  -> (artifact id: '4a00bd50606ba98cc17a4cca6a6e6f96') in 0.010761 seconds 
  Import took 0.014979 seconds .

========================================================================
Received Import Request.
  Time since last request: 4.765877 seconds.
  path: Assets/AddressableAssetsData/AddressableAssetSettings.asset
  artifactKey: Guid(b46f62c08b1b9d64fbb61b3017d099b7) Importer(815301076,1909f56bfc062723c751e8b465ee728b)
Start importing Assets/AddressableAssetsData/AddressableAssetSettings.asset using Guid(b46f62c08b1b9d64fbb61b3017d099b7) Importer(815301076,1909f56bfc062723c751e8b465ee728b)  -> (artifact id: '301f00afbc17005385a1db4b273d4685') in 0.016406 seconds 
  Import took 0.020733 seconds .

========================================================================
Received Import Request.
  Time since last request: 0.000291 seconds.
  path: Assets/AddressableAssetsData/DefaultObject.asset
  artifactKey: Guid(af991204b2be14846b5201a8b41d43a6) Importer(815301076,1909f56bfc062723c751e8b465ee728b)
Start importing Assets/AddressableAssetsData/DefaultObject.asset using Guid(af991204b2be14846b5201a8b41d43a6) Importer(815301076,1909f56bfc062723c751e8b465ee728b)  -> (artifact id: '1f4a75ce6c808d1598c1e47692bb3537') in 0.011453 seconds 
  Import took 0.015917 seconds .

========================================================================
Received Import Request.
  Time since last request: 2.379739 seconds.
  path: Assets/Content/Shot.prefab
  artifactKey: Guid(17dbaa1bd8bc86c40a8a63a91cdebb83) Importer(815301076,1909f56bfc062723c751e8b465ee728b)
Start importing Assets/Content/Shot.prefab using Guid(17dbaa1bd8bc86c40a8a63a91cdebb83) Importer(815301076,1909f56bfc062723c751e8b465ee728b)  -> (artifact id: 'b7fa9393c77efbc30a2fb6a68e63c402') in 0.029282 seconds 
  Import took 0.033503 seconds .

========================================================================
Received Prepare
Registering precompiled user dll's ...
Registered in 0.008638 seconds.
Begin MonoManager ReloadAssembly
Native extension for WindowsStandalone target not found
Refreshing native plugins compatible for Editor in 0.60 ms, found 2 plugins.
Preloading 0 native plugins for Editor in 0.00 ms.
Mono: successfully reloaded assembly
- Completed reload, in  1.376 seconds
Platform modules already initialized, skipping
Refreshing native plugins compatible for Editor in 0.65 ms, found 2 plugins.
Preloading 0 native plugins for Editor in 0.00 ms.
Unloading 1848 Unused Serialized files (Serialized files now loaded: 0)
System memory in use before: 84.2 MB.
System memory in use after: 84.3 MB.

Unloading 21 unused Assets to reduce memory usage. Loaded Objects now: 2405.
Total: 2.541300 ms (FindLiveObjects: 0.195800 ms CreateObjectMapping: 0.074200 ms MarkObjects: 2.227700 ms  DeleteObjects: 0.041900 ms)

AssetImportParameters requested are different than current active one (requested -> active):
  custom:framework-win-MediaFoundation: 216162199b28c13a410421893ffa2e32 -> 
  custom:video-decoder-ogg-theora: a1e56fd34408186e4bbccfd4996cb3dc -> 
  custom:container-muxer-webm: aa71ff27fc2769a1b78a27578f13a17b -> 
  custom:container-demuxer-webm: 4f35f7cbe854078d1ac9338744f61a02 -> 
  custom:container-demuxer-ogg: 62fdf1f143b41e24485cea50d1cbac27 -> 
  custom:video-encoder-webm-vp8: eb34c28f22e8b96e1ab97ce403110664 -> 
  custom:video-decoder-webm-vp8: 9c59270c3fd7afecdb556c50c9e8de78 -> 
  custom:audio-decoder-ogg-vorbis: bf7c407c2cedff20999df2af8eb42d56 -> 
  custom:audio-encoder-webm-vorbis: bf7c407c2cedff20999df2af8eb42d56 -> 
========================================================================
Received Prepare
Registering precompiled user dll's ...
Registered in 0.017204 seconds.
Begin MonoManager ReloadAssembly
Native extension for WindowsStandalone target not found
Refreshing native plugins compatible for Editor in 0.59 ms, found 2 plugins.
Preloading 0 native plugins for Editor in 0.00 ms.
Mono: successfully reloaded assembly
- Completed reload, in  1.533 seconds
Platform modules already initialized, skipping
Refreshing native plugins compatible for Editor in 0.82 ms, found 2 plugins.
Preloading 0 native plugins for Editor in 0.00 ms.
Unloading 1839 Unused Serialized files (Serialized files now loaded: 0)
System memory in use before: 84.0 MB.
System memory in use after: 84.1 MB.

Unloading 20 unused Assets to reduce memory usage. Loaded Objects now: 2408.
Total: 3.381000 ms (FindLiveObjects: 0.298100 ms CreateObjectMapping: 0.079000 ms MarkObjects: 2.969200 ms  DeleteObjects: 0.032800 ms)

AssetImportParameters requested are different than current active one (requested -> active):
  custom:framework-win-MediaFoundation: 216162199b28c13a410421893ffa2e32 -> 
  custom:video-decoder-ogg-theora: a1e56fd34408186e4bbccfd4996cb3dc -> 
  custom:container-muxer-webm: aa71ff27fc2769a1b78a27578f13a17b -> 
  custom:container-demuxer-webm: 4f35f7cbe854078d1ac9338744f61a02 -> 
  custom:container-demuxer-ogg: 62fdf1f143b41e24485cea50d1cbac27 -> 
  custom:video-encoder-webm-vp8: eb34c28f22e8b96e1ab97ce403110664 -> 
  custom:video-decoder-webm-vp8: 9c59270c3fd7afecdb556c50c9e8de78 -> 
  custom:audio-decoder-ogg-vorbis: bf7c407c2cedff20999df2af8eb42d56 -> 
  custom:audio-encoder-webm-vorbis: bf7c407c2cedff20999df2af8eb42d56 -> 
========================================================================
Received Prepare
Registering precompiled user dll's ...
Registered in 0.012303 seconds.
Begin MonoManager ReloadAssembly
Native extension for WindowsStandalone target not found
Refreshing native plugins compatible for Editor in 0.66 ms, found 2 plugins.
Preloading 0 native plugins for Editor in 0.00 ms.
Mono: successfully reloaded assembly
- Completed reload, in  1.565 seconds
Platform modules already initialized, skipping
Refreshing native plugins compatible for Editor in 0.71 ms, found 2 plugins.
Preloading 0 native plugins for Editor in 0.00 ms.
Unloading 1840 Unused Serialized files (Serialized files now loaded: 0)
System memory in use before: 84.0 MB.
System memory in use after: 84.2 MB.

Unloading 20 unused Assets to reduce memory usage. Loaded Objects now: 2412.
Total: 3.154500 ms (FindLiveObjects: 0.197900 ms CreateObjectMapping: 0.082700 ms MarkObjects: 2.839000 ms  DeleteObjects: 0.033100 ms)

AssetImportParameters requested are different than current active one (requested -> active):
  custom:framework-win-MediaFoundation: 216162199b28c13a410421893ffa2e32 -> 
  custom:video-decoder-ogg-theora: a1e56fd34408186e4bbccfd4996cb3dc -> 
  custom:container-muxer-webm: aa71ff27fc2769a1b78a27578f13a17b -> 
  custom:container-demuxer-webm: 4f35f7cbe854078d1ac9338744f61a02 -> 
  custom:container-demuxer-ogg: 62fdf1f143b41e24485cea50d1cbac27 -> 
  custom:video-encoder-webm-vp8: eb34c28f22e8b96e1ab97ce403110664 -> 
  custom:video-decoder-webm-vp8: 9c59270c3fd7afecdb556c50c9e8de78 -> 
  custom:audio-decoder-ogg-vorbis: bf7c407c2cedff20999df2af8eb42d56 -> 
  custom:audio-encoder-webm-vorbis: bf7c407c2cedff20999df2af8eb42d56 -> 
